<?xml version="1.0" encoding="utf-8"?><testsuites name="pytest tests"><testsuite name="pytest" errors="0" failures="0" skipped="0" tests="23" time="5.396" timestamp="2026-04-11T09:39:29.969597+00:00" hostname="agent-env-36ef5513-992e-4a83-afe4-6108661d354e"><testcase classname="backend.tests.test_stonic_api.TestHealthCheck" name="test_api_health" time="0.161" /><testcase classname="backend.tests.test_stonic_api.TestCategories" name="test_get_categories" time="0.116" /><testcase classname="backend.tests.test_stonic_api.TestProducts" name="test_get_all_products" time="0.114" /><testcase classname="backend.tests.test_stonic_api.TestProducts" name="test_get_products_by_category" time="0.185" /><testcase classname="backend.tests.test_stonic_api.TestProducts" name="test_get_featured_products" time="0.110" /><testcase classname="backend.tests.test_stonic_api.TestProducts" name="test_get_single_product" time="0.236" /><testcase classname="backend.tests.test_stonic_api.TestProducts" name="test_get_nonexistent_product" time="0.100" /><testcase classname="backend.tests.test_stonic_api.TestAuth" name="test_login_success" time="0.370" /><testcase classname="backend.tests.test_stonic_api.TestAuth" name="test_login_invalid_credentials" time="0.117" /><testcase classname="backend.tests.test_stonic_api.TestAuth" name="test_login_wrong_password" time="0.335" /><testcase classname="backend.tests.test_stonic_api.TestAuth" name="test_auth_me_with_valid_token" time="0.427" /><testcase classname="backend.tests.test_stonic_api.TestAuth" name="test_auth_me_without_token" time="0.115" /><testcase classname="backend.tests.test_stonic_api.TestAuth" name="test_auth_me_with_invalid_token" time="0.129" /><testcase classname="backend.tests.test_stonic_api.TestContact" name="test_submit_contact_form" time="0.151" /><testcase classname="backend.tests.test_stonic_api.TestContact" name="test_submit_contact_form_without_phone" time="0.101" /><testcase classname="backend.tests.test_stonic_api.TestContact" name="test_submit_contact_form_invalid_email" time="0.147" /><testcase classname="backend.tests.test_stonic_api.TestContact" name="test_get_contacts_requires_auth" time="0.098" /><testcase classname="backend.tests.test_stonic_api.TestContact" name="test_get_contacts_with_auth" time="0.423" /><testcase classname="backend.tests.test_stonic_api.TestSettings" name="test_get_settings" time="0.097" /><testcase classname="backend.tests.test_stonic_api.TestSettings" name="test_get_image_requirements" time="0.103" /><testcase classname="backend.tests.test_stonic_api.TestProductCRUD" name="test_create_product" time="0.626" /><testcase classname="backend.tests.test_stonic_api.TestProductCRUD" name="test_update_product" time="0.751" /><testcase classname="backend.tests.test_stonic_api.TestProductCRUD" name="test_create_product_requires_auth" time="0.117" /></testsuite></testsuites>